2022.09.22 19:25:55,637	INFO	1	org.l2jmobius.commons.util.IXmlReader	Network Config: ipconfig.xml doesn't exists using automatic configuration...
2022.09.22 19:25:56,079	INFO	1	org.l2jmobius.commons.util.IXmlReader	Network Config: Adding new subnet: 127.0.0.0/8 address: 127.0.0.1
2022.09.22 19:25:56,095	INFO	1	org.l2jmobius.commons.util.IXmlReader	Network Config: Adding new subnet: 192.168.0.0/24 address: 192.168.0.25
2022.09.22 19:25:56,166	INFO	1	org.l2jmobius.commons.util.IXmlReader	Network Config: Adding new subnet: 0.0.0.0/0 address: 188.123.230.31
2022.09.22 19:25:56,182	WARNING	1	org.l2jmobius.commons.util.PropertiesParser	[General.ini] missing property for key: DebugIncomingPackets using default value: true
2022.09.22 19:25:56,183	WARNING	1	org.l2jmobius.commons.util.PropertiesParser	[General.ini] missing property for key: DebugExIncomingPackets using default value: true
2022.09.22 19:25:56,183	WARNING	1	org.l2jmobius.commons.util.PropertiesParser	[General.ini] missing property for key: DebugOutgoingPackets using default value: true
2022.09.22 19:25:56,183	WARNING	1	org.l2jmobius.commons.util.PropertiesParser	[General.ini] missing property for key: DebugUnknownPackets using default value: true
2022.09.22 19:25:56,184	WARNING	1	org.l2jmobius.commons.util.PropertiesParser	[General.ini] missing property for key: ExcludedPacketList using default value: 
2022.09.22 19:25:56,200	INFO	1	org.l2jmobius.Config	Loaded 6 Filter Words.
2022.09.22 19:25:56,228	INFO	1	org.l2jmobius.gameserver.GameServer	------------------------------------------------=[ Database ]
2022.09.22 19:25:56,429	INFO	1	org.l2jmobius.commons.database.DatabaseFactory	Database: Initialized.
2022.09.22 19:25:56,430	INFO	1	org.l2jmobius.gameserver.GameServer	----------------------------------------------=[ ThreadPool ]
2022.09.22 19:25:56,430	INFO	1	org.l2jmobius.commons.threads.ThreadPool	ThreadPool: Initialized
2022.09.22 19:25:56,431	INFO	1	org.l2jmobius.commons.threads.ThreadPool	...6 scheduled pool executors with 24 total threads.
2022.09.22 19:25:56,432	INFO	1	org.l2jmobius.commons.threads.ThreadPool	...6 instant pool executors with 12 total threads.
2022.09.22 19:25:56,450	INFO	1	org.l2jmobius.gameserver.GameServer	-----------------------------------------------=[ IdManager ]
2022.09.22 19:25:56,453	INFO	1	org.l2jmobius.gameserver.instancemanager.IdManager	Updated characters online status.
2022.09.22 19:25:56,467	INFO	1	org.l2jmobius.gameserver.instancemanager.IdManager	IdManager: Cleaned 0 elements from database in 0 seconds.
2022.09.22 19:25:56,473	INFO	1	org.l2jmobius.gameserver.instancemanager.IdManager	IdManager: Cleaned 0 expired timestamps from database.
2022.09.22 19:25:56,479	INFO	1	org.l2jmobius.gameserver.instancemanager.IdManager	IdManager: 102912 id's available.
2022.09.22 19:25:56,479	INFO	1	org.l2jmobius.gameserver.GameServer	----------------------------------------=[ Scripting Engine ]
2022.09.22 19:25:56,513	INFO	22	org.l2jmobius.gameserver.model.World	World: (288 by 272) World Region Grid set up.
2022.09.22 19:25:56,603	INFO	1	org.l2jmobius.gameserver.scripting.ScriptEngineManager	Loaded 845 files to exclude.
2022.09.22 19:25:56,603	INFO	1	org.l2jmobius.gameserver.GameServer	--------------------------------------------------=[ Telnet ]
2022.09.22 19:25:56,711	INFO	1	org.l2jmobius.gameserver.network.telnet.TelnetServer	Telnet server is currently disabled.
2022.09.22 19:25:56,711	INFO	1	org.l2jmobius.gameserver.GameServer	---------------------------------------------------=[ World ]
2022.09.22 19:25:56,940	INFO	1	org.l2jmobius.gameserver.instancemanager.MapRegionManager	MapRegionManager: Loaded 57 map regions.
2022.09.22 19:25:56,944	INFO	1	org.l2jmobius.gameserver.instancemanager.ZoneManager	ZoneManager 19 by 18 Zone Region Grid set up.
2022.09.22 19:25:57,322	INFO	1	org.l2jmobius.gameserver.instancemanager.ZoneManager	ZoneManager: Loaded 34 zone classes and 2734 zones.
2022.09.22 19:25:57,325	INFO	1	org.l2jmobius.gameserver.instancemanager.ZoneManager	ZoneManager: Last static id 200224.
2022.09.22 19:25:57,670	INFO	1	org.l2jmobius.gameserver.data.xml.DoorData	DoorData: Loaded 1478 doors.
2022.09.22 19:25:57,678	INFO	1	FenceData	FenceData: Loaded 1 fences.
2022.09.22 19:25:57,683	INFO	1	org.l2jmobius.gameserver.instancemanager.GlobalVariablesManager	GlobalVariablesManager: Loaded 5 variables.
2022.09.22 19:25:57,684	INFO	1	org.l2jmobius.gameserver.GameServer	----------------------------------------------------=[ Data ]
2022.09.22 19:25:57,690	INFO	1	org.l2jmobius.gameserver.data.xml.ActionData	ActionData: Loaded 222 player actions.
2022.09.22 19:25:57,699	INFO	1	org.l2jmobius.gameserver.data.xml.CategoryData	CategoryData: Loaded 36 categories.
2022.09.22 19:25:57,704	INFO	1	org.l2jmobius.gameserver.data.xml.SecondaryAuthData	SecondaryAuthData: Loaded 328 forbidden passwords.
2022.09.22 19:25:57,709	INFO	1	org.l2jmobius.gameserver.data.xml.SayuneData	SayuneData: Loaded 0 maps.
2022.09.22 19:25:57,724	INFO	1	org.l2jmobius.gameserver.data.xml.ClanRewardData	ClanRewardData: Loaded 4 rewards for MEMBERS_ONLINE.
2022.09.22 19:25:57,724	INFO	1	org.l2jmobius.gameserver.data.xml.ClanRewardData	ClanRewardData: Loaded 4 rewards for HUNTING_MONSTERS.
2022.09.22 19:25:57,738	INFO	1	org.l2jmobius.gameserver.data.xml.MissionLevel	MissionLevel: Loaded 14 seasons.
2022.09.22 19:25:58,366	INFO	1	handlers.DailyMissionMasterHandler	DailyMissionMasterHandler:  Loaded 10 handlers.
2022.09.22 19:25:58,381	INFO	1	org.l2jmobius.gameserver.data.xml.DailyMissionData	DailyMissionData: Loaded 69 one day rewards.
2022.09.22 19:25:58,390	INFO	1	org.l2jmobius.gameserver.data.xml.ElementalSpiritData	ElementalSpiritData: Loaded 4 elemental spirit templates.
2022.09.22 19:25:58,397	INFO	1	org.l2jmobius.gameserver.data.xml.SubjugationData	SubjugationData: Loaded 9 data.
2022.09.22 19:25:58,401	INFO	1	org.l2jmobius.gameserver.data.xml.SubjugationGacha	SubjugationGacha: Loaded 9 data.
2022.09.22 19:25:58,407	INFO	1	org.l2jmobius.gameserver.GameServer	--------------------------------------------------=[ Skills ]
2022.09.22 19:26:01,180	INFO	1	handlers.EffectMasterHandler	EffectMasterHandler: Loaded 392 effect handlers.
2022.09.22 19:26:01,191	INFO	1	org.l2jmobius.gameserver.data.xml.EnchantSkillGroupsData	EnchantSkillGroupsData: Loaded 30 enchant routes, max enchant set to 30.
2022.09.22 19:26:02,933	INFO	1	org.l2jmobius.gameserver.data.xml.SkillData	SkillData: Loaded 53328 Skills.
2022.09.22 19:26:03,472	INFO	1	org.l2jmobius.gameserver.data.xml.SkillTreeData	SkillTreeData: Loaded 19579 Class skills for 119 class skill trees.
2022.09.22 19:26:03,472	INFO	1	org.l2jmobius.gameserver.data.xml.SkillTreeData	SkillTreeData: Loaded 0 sub-class skills.
2022.09.22 19:26:03,472	INFO	1	org.l2jmobius.gameserver.data.xml.SkillTreeData	SkillTreeData: Loaded 0 dual-class skills.
2022.09.22 19:26:03,472	INFO	1	org.l2jmobius.gameserver.data.xml.SkillTreeData	SkillTreeData: Loaded 0 transfer skills for 0 transfer skill trees.
2022.09.22 19:26:03,473	INFO	1	org.l2jmobius.gameserver.data.xml.SkillTreeData	SkillTreeData: Loaded 0 race skills for 0 race skill trees.
2022.09.22 19:26:03,473	INFO	1	org.l2jmobius.gameserver.data.xml.SkillTreeData	SkillTreeData: Loaded 18 fishing skills, 8 Dwarven only fishing skills.
2022.09.22 19:26:03,473	INFO	1	org.l2jmobius.gameserver.data.xml.SkillTreeData	SkillTreeData: Loaded 0 collect skills.
2022.09.22 19:26:03,478	INFO	1	org.l2jmobius.gameserver.data.xml.SkillTreeData	SkillTreeData: Loaded 76 clan skills, 46 for clan and 30 residential.
2022.09.22 19:26:03,478	INFO	1	org.l2jmobius.gameserver.data.xml.SkillTreeData	SkillTreeData: Loaded 18 sub-pledge skills.
2022.09.22 19:26:03,479	INFO	1	org.l2jmobius.gameserver.data.xml.SkillTreeData	SkillTreeData: Loaded 0 transform skills.
2022.09.22 19:26:03,479	INFO	1	org.l2jmobius.gameserver.data.xml.SkillTreeData	SkillTreeData: Loaded 5 noble skills.
2022.09.22 19:26:03,479	INFO	1	org.l2jmobius.gameserver.data.xml.SkillTreeData	SkillTreeData: Loaded 5 hero skills.
2022.09.22 19:26:03,479	INFO	1	org.l2jmobius.gameserver.data.xml.SkillTreeData	SkillTreeData: Loaded 34 game master skills.
2022.09.22 19:26:03,479	INFO	1	org.l2jmobius.gameserver.data.xml.SkillTreeData	SkillTreeData: Loaded 1 game master aura skills.
2022.09.22 19:26:03,480	INFO	1	org.l2jmobius.gameserver.data.xml.SkillTreeData	SkillTreeData: Loaded 0 ability skills.
2022.09.22 19:26:03,480	INFO	1	org.l2jmobius.gameserver.data.xml.SkillTreeData	SkillTreeData: Loaded 0 alchemy skills.
2022.09.22 19:26:03,480	INFO	1	org.l2jmobius.gameserver.data.xml.SkillTreeData	SkillTreeData: Loaded 0 class awaken save skills.
2022.09.22 19:26:03,480	INFO	1	org.l2jmobius.gameserver.data.xml.SkillTreeData	SkillTreeData: Loaded 0 Revelation skills.
2022.09.22 19:26:03,480	INFO	1	org.l2jmobius.gameserver.data.xml.SkillTreeData	SkillTreeData: Loaded 1 common skills.
2022.09.22 19:26:03,492	INFO	1	org.l2jmobius.gameserver.data.xml.PetSkillData	PetSkillData: Loaded 883 skills.
2022.09.22 19:26:03,499	INFO	1	org.l2jmobius.gameserver.data.xml.PetAcquireList	PetAcquireList: Loaded 6 pet skills.
2022.09.22 19:26:03,500	INFO	1	org.l2jmobius.gameserver.GameServer	---------------------------------------------------=[ Items ]
2022.09.22 19:26:04,266	WARNING	1	org.l2jmobius.gameserver.model.item.ItemTemplate	Found sellable [Sealed] item 93412
2022.09.22 19:26:04,266	WARNING	1	org.l2jmobius.gameserver.model.item.ItemTemplate	Found sellable [Sealed] item 93413
2022.09.22 19:26:04,266	WARNING	1	org.l2jmobius.gameserver.model.item.ItemTemplate	Found sellable [Sealed] item 93414
2022.09.22 19:26:04,430	INFO	1	org.l2jmobius.gameserver.data.ItemTable	ItemTable: Highest item id used: 99357
2022.09.22 19:26:04,435	INFO	1	org.l2jmobius.gameserver.data.ItemTable	ItemTable: Loaded 12054 Etc Items
2022.09.22 19:26:04,435	INFO	1	org.l2jmobius.gameserver.data.ItemTable	ItemTable: Loaded 3034 Armor Items
2022.09.22 19:26:04,435	INFO	1	org.l2jmobius.gameserver.data.ItemTable	ItemTable: Loaded 2196 Weapon Items
2022.09.22 19:26:04,435	INFO	1	org.l2jmobius.gameserver.data.ItemTable	ItemTable: Loaded 17284 Items in total.
2022.09.22 19:26:04,444	INFO	1	org.l2jmobius.gameserver.data.xml.EnchantItemGroupsData	EnchantItemGroupsData: Loaded 27 item group templates.
2022.09.22 19:26:04,444	INFO	1	org.l2jmobius.gameserver.data.xml.EnchantItemGroupsData	EnchantItemGroupsData: Loaded 4 scroll group templates.
2022.09.22 19:26:04,450	INFO	1	org.l2jmobius.gameserver.data.xml.EnchantItemData	EnchantItemData: Loaded 76 enchant scrolls.
2022.09.22 19:26:04,451	INFO	1	org.l2jmobius.gameserver.data.xml.EnchantItemData	EnchantItemData: Loaded 0 support items.
2022.09.22 19:26:04,463	INFO	1	org.l2jmobius.gameserver.data.xml.EnchantItemOptionsData	EnchantItemOptionsData: Loaded 128 items and 2231 options.
2022.09.22 19:26:04,468	INFO	1	org.l2jmobius.commons.util.IXmlReader	ElementalAttributeData: Loaded 0 elemental attribute items.
2022.09.22 19:26:04,472	INFO	1	org.l2jmobius.gameserver.data.xml.ItemCrystallizationData	ItemCrystallizationData: Loaded 12 crystallization templates.
2022.09.22 19:26:04,472	INFO	1	org.l2jmobius.gameserver.data.xml.ItemCrystallizationData	ItemCrystallizationData: Loaded 0 pre-defined crystallizable items.
2022.09.22 19:26:04,477	INFO	1	org.l2jmobius.gameserver.data.xml.ItemCrystallizationData	ItemCrystallizationData: Generated 0 crystallizable items from templates.
2022.09.22 19:26:04,755	INFO	1	org.l2jmobius.gameserver.data.xml.OptionData	OptionData: Loaded 6563 options.
2022.09.22 19:26:04,772	INFO	1	VariationData	VariationData: Loaded 21 variations.
2022.09.22 19:26:04,772	INFO	1	VariationData	VariationData: Loaded 1061 fees.
2022.09.22 19:26:04,811	INFO	1	org.l2jmobius.gameserver.data.xml.EnsoulData	EnsoulData: Loaded 210 fees.
2022.09.22 19:26:04,812	INFO	1	org.l2jmobius.gameserver.data.xml.EnsoulData	EnsoulData: Loaded 810 options.
2022.09.22 19:26:04,812	INFO	1	org.l2jmobius.gameserver.data.xml.EnsoulData	EnsoulData: Loaded 250 stones.
2022.09.22 19:26:04,822	INFO	1	org.l2jmobius.gameserver.data.xml.EnchantItemHPBonusData	EnchantItemHPBonusData: Loaded 11 enchant HP bonuses.
2022.09.22 19:26:05,648	INFO	1	org.l2jmobius.gameserver.data.xml.BuyListData	BuyListData: Loaded 452 buyLists.
2022.09.22 19:26:05,847	INFO	1	org.l2jmobius.gameserver.data.xml.MultisellData	MultisellData: Loaded 133 multisell lists.
2022.09.22 19:26:05,859	INFO	1	org.l2jmobius.gameserver.data.xml.CombinationItemsData	CombinationItemsData: Loaded 602 combinations.
2022.09.22 19:26:05,865	INFO	1	org.l2jmobius.gameserver.data.xml.EquipmentUpgradeData	EquipmentUpgradeData: Loaded 74 upgrade equipment data.
2022.09.22 19:26:05,875	INFO	1	org.l2jmobius.gameserver.data.xml.EquipmentUpgradeNormalData	EquipmentUpgradeNormalData: Loaded 68 upgrade-normal equipment data. Adena commission is 100.
2022.09.22 19:26:05,884	INFO	1	org.l2jmobius.gameserver.data.xml.AgathionData	AgathionData: Loaded 50 agathion data.
2022.09.22 19:26:05,894	INFO	1	org.l2jmobius.gameserver.data.xml.RaidTeleportListData	RaidTeleportListData: Loaded 98 teleports.
2022.09.22 19:26:05,922	INFO	1	org.l2jmobius.gameserver.data.xml.RecipeData	RecipeData: Loaded 636 recipes.
2022.09.22 19:26:05,936	INFO	1	org.l2jmobius.gameserver.data.xml.ArmorSetData	ArmorSetData: Loaded 51 armor sets.
2022.09.22 19:26:05,941	INFO	1	org.l2jmobius.gameserver.data.xml.FishingData	FishingData: Loaded 2 bait and 2 rod data.
2022.09.22 19:26:05,971	INFO	1	org.l2jmobius.gameserver.data.xml.HennaData	HennaData: Loaded 126 henna data.
2022.09.22 19:26:05,977	INFO	1	org.l2jmobius.gameserver.data.xml.HennaCombinationData	HennaCombinationData: Loaded 120 henna combinations.
2022.09.22 19:26:05,982	INFO	1	org.l2jmobius.gameserver.data.xml.HennaPatternPotentialData	HennaPatternPotentialData: Loaded 3 dye pattern fee data.
2022.09.22 19:26:05,989	INFO	1	org.l2jmobius.gameserver.data.xml.PrimeShopData	PrimeShopData: Loaded 20 items.
2022.09.22 19:26:05,997	INFO	1	org.l2jmobius.gameserver.data.xml.LimitShopData	LimitShopData: Loaded 89 items.
2022.09.22 19:26:06,009	INFO	1	org.l2jmobius.gameserver.data.xml.LimitShopData	LimitShopCraftData: Loaded 316 items.
2022.09.22 19:26:06,014	INFO	1	org.l2jmobius.gameserver.data.xml.LimitShopClanData	LimitShopClanData: Loaded 8 items.
2022.09.22 19:26:06,030	INFO	1	org.l2jmobius.gameserver.data.xml.CollectionData	CollectionData: Loaded 370 collections.
2022.09.22 19:26:06,040	INFO	1	org.l2jmobius.gameserver.data.xml.AppearanceItemData	AppearanceItemData: Loaded 2 stones.
2022.09.22 19:26:06,050	INFO	1	org.l2jmobius.commons.util.IXmlReader	LuckyGameData: Loaded 2 lucky game data.
2022.09.22 19:26:06,058	INFO	1	org.l2jmobius.gameserver.data.xml.AttendanceRewardData	AttendanceRewardData: Loaded 28 rewards.
2022.09.22 19:26:06,065	INFO	1	org.l2jmobius.commons.util.IXmlReader	MagicLampData: Loaded 9 magic lamps.
2022.09.22 19:26:06,076	INFO	1	org.l2jmobius.commons.util.IXmlReader	RandomCraftData: Loaded 1170 extraction data.
2022.09.22 19:26:06,084	INFO	1	org.l2jmobius.commons.util.IXmlReader	RandomCraftData: Loaded 922 rewards.
2022.09.22 19:26:06,087	INFO	1	org.l2jmobius.gameserver.GameServer	----------------------------------------------=[ Characters ]
2022.09.22 19:26:06,096	INFO	1	org.l2jmobius.gameserver.data.xml.ClassListData	ClassListData: Loaded 119 class data.
2022.09.22 19:26:06,104	INFO	1	org.l2jmobius.gameserver.data.xml.InitialEquipmentData	InitialEquipmentData: Loaded 15 initial equipment data.
2022.09.22 19:26:06,113	INFO	1	org.l2jmobius.gameserver.data.xml.InitialShortcutData	InitialShortcutData: Loaded 6 initial global shortcuts data.
2022.09.22 19:26:06,114	INFO	1	org.l2jmobius.gameserver.data.xml.InitialShortcutData	InitialShortcutData: Loaded 5 initial shortcuts data.
2022.09.22 19:26:06,114	INFO	1	org.l2jmobius.gameserver.data.xml.InitialShortcutData	InitialShortcutData: Loaded 0 macro presets.
2022.09.22 19:26:06,121	INFO	1	org.l2jmobius.gameserver.data.xml.ExperienceData	ExperienceData: Loaded 100 levels.
2022.09.22 19:26:06,122	INFO	1	org.l2jmobius.gameserver.data.xml.ExperienceData	ExperienceData: Max Player Level is 99.
2022.09.22 19:26:06,123	INFO	1	org.l2jmobius.gameserver.data.xml.ExperienceData	ExperienceData: Max Pet Level is 99.
2022.09.22 19:26:06,133	INFO	1	org.l2jmobius.gameserver.data.xml.KarmaData	KarmaData: Loaded 99 karma modifiers.
2022.09.22 19:26:06,139	INFO	1	org.l2jmobius.gameserver.data.xml.HitConditionBonusData	HitConditionBonusData: Loaded hit condition bonuses.
2022.09.22 19:26:06,631	INFO	1	org.l2jmobius.gameserver.data.xml.PlayerTemplateData	PlayerTemplateData: Loaded 119 character templates.
2022.09.22 19:26:06,631	INFO	1	org.l2jmobius.gameserver.data.xml.PlayerTemplateData	PlayerTemplateData: Loaded 70686 level up gain records.
2022.09.22 19:26:06,633	INFO	1	org.l2jmobius.gameserver.data.sql.CharNameTable	CharNameTable: Loaded 41 char names.
2022.09.22 19:26:06,638	INFO	1	org.l2jmobius.gameserver.data.xml.AdminData	AdminData: Loaded 10 access levels.
2022.09.22 19:26:06,644	INFO	1	org.l2jmobius.gameserver.data.xml.AdminData	AdminData: Loaded 435 access commands.
2022.09.22 19:26:07,219	INFO	1	org.l2jmobius.gameserver.data.xml.PetDataTable	PetDataTable: Loaded 79 pets.
2022.09.22 19:26:07,264	INFO	1	org.l2jmobius.gameserver.data.xml.CubicData	CubicData: Loaded 21 cubics.
2022.09.22 19:26:07,275	INFO	1	org.l2jmobius.gameserver.GameServer	PremiumManager: Premium system is enabled.
2022.09.22 19:26:07,276	INFO	1	org.l2jmobius.gameserver.GameServer	---------------------------------------------------=[ Clans ]
2022.09.22 19:26:07,278	INFO	1	org.l2jmobius.gameserver.data.sql.ClanTable	ClanTable: Restored 0 clans from the database.
2022.09.22 19:26:07,286	INFO	1	org.l2jmobius.gameserver.data.xml.ResidenceFunctionsData	ResidenceFunctionsData: Loaded 8 functions.
2022.09.22 19:26:07,398	INFO	1	org.l2jmobius.gameserver.data.xml.ClanHallData	ClanHallData: Succesfully loaded 46 clan halls.
2022.09.22 19:26:07,400	INFO	1	org.l2jmobius.gameserver.instancemanager.ClanHallAuctionManager	ClanHallAuctionManager: Clan Hall Auction has started!
2022.09.22 19:26:07,415	INFO	1	org.l2jmobius.gameserver.instancemanager.ClanEntryManager	ClanEntryManager: Loaded 0 clan entries.
2022.09.22 19:26:07,415	INFO	1	org.l2jmobius.gameserver.instancemanager.ClanEntryManager	ClanEntryManager: Loaded 0 players in waiting list.
2022.09.22 19:26:07,416	INFO	1	org.l2jmobius.gameserver.instancemanager.ClanEntryManager	ClanEntryManager: Loaded 0 player applications.
2022.09.22 19:26:07,416	INFO	1	org.l2jmobius.gameserver.GameServer	-------------------------------------------------=[ Geodata ]
2022.09.22 19:26:09,957	INFO	1	org.l2jmobius.gameserver.geoengine.GeoEngine	GeoEngine: Loaded 236 regions.
2022.09.22 19:26:09,957	INFO	1	org.l2jmobius.gameserver.GameServer	----------------------------------------------------=[ NPCs ]
2022.09.22 19:26:11,392	INFO	1	org.l2jmobius.gameserver.data.xml.NpcData	NpcData: Loaded 7293 NPCs.
2022.09.22 19:26:11,417	INFO	1	org.l2jmobius.gameserver.data.xml.NpcData	NpcData: Loaded 15 custom NPCs.
2022.09.22 19:26:11,419	INFO	1	org.l2jmobius.gameserver.data.xml.FakePlayerData	FakePlayerData: Disabled.
2022.09.22 19:26:11,420	INFO	1	org.l2jmobius.gameserver.instancemanager.FakePlayerChatManager	FakePlayerChatManager: Disabled.
2022.09.22 19:26:11,981	INFO	1	org.l2jmobius.gameserver.data.xml.SpawnData	SpawnData: Loaded 37194 spawns
2022.09.22 19:26:11,989	INFO	1	org.l2jmobius.gameserver.instancemanager.WalkingManager	WalkingManager: Loaded 1 walking routes.
2022.09.22 19:26:12,002	INFO	1	org.l2jmobius.gameserver.data.xml.StaticObjectData	StaticObjectData: Loaded 86 static object templates.
2022.09.22 19:26:12,003	INFO	1	org.l2jmobius.gameserver.instancemanager.ItemAuctionManager	ItemAuctionManager: Disabled.
2022.09.22 19:26:12,023	INFO	1	org.l2jmobius.gameserver.instancemanager.CastleManager	CastleManager: Loaded 2 castles.
2022.09.22 19:26:12,030	INFO	1	org.l2jmobius.gameserver.data.SchemeBufferTable	SchemeBufferTable: Loaded 0 players schemes and 60 available buffs.
2022.09.22 19:26:12,034	INFO	1	org.l2jmobius.gameserver.instancemanager.GrandBossManager	GrandBossManager: Queen Ant(29001) status is 0
2022.09.22 19:26:12,035	INFO	1	org.l2jmobius.gameserver.instancemanager.GrandBossManager	GrandBossManager: Core(29006) status is 0
2022.09.22 19:26:12,035	INFO	1	org.l2jmobius.gameserver.instancemanager.GrandBossManager	GrandBossManager: Orfen(29014) status is 0
2022.09.22 19:26:12,035	INFO	1	org.l2jmobius.gameserver.instancemanager.GrandBossManager	GrandBossManager: Baium(29020) status is 0
2022.09.22 19:26:12,035	INFO	1	org.l2jmobius.gameserver.instancemanager.GrandBossManager	GrandBossManager: Zaken(29022) status is 0
2022.09.22 19:26:12,035	INFO	1	org.l2jmobius.gameserver.instancemanager.GrandBossManager	GrandBossManager: Antharas(29068) status is 0
2022.09.22 19:26:12,035	INFO	1	org.l2jmobius.gameserver.instancemanager.GrandBossManager	GrandBossManager: Loaded 6 instances.
2022.09.22 19:26:12,037	INFO	1	org.l2jmobius.gameserver.GameServer	------------------------------------------------=[ Instance ]
2022.09.22 19:26:12,042	INFO	1	org.l2jmobius.gameserver.instancemanager.InstanceManager	InstanceManager: Loaded 55 instance names.
2022.09.22 19:26:12,095	WARNING	1	org.l2jmobius.gameserver.instancemanager.InstanceManager	InstanceManager: Instance template with ID 209 already exists
2022.09.22 19:26:12,103	WARNING	1	org.l2jmobius.gameserver.instancemanager.InstanceManager	InstanceManager: Instance template with ID 210 already exists
2022.09.22 19:26:12,116	INFO	1	org.l2jmobius.gameserver.instancemanager.InstanceManager	InstanceManager: Loaded 20 instance templates.
2022.09.22 19:26:12,117	INFO	1	org.l2jmobius.gameserver.instancemanager.InstanceManager	InstanceManager: Loaded instance reenter times for 0 players.
2022.09.22 19:26:12,117	INFO	1	org.l2jmobius.gameserver.GameServer	------------------------------------------------=[ Olympiad ]
2022.09.22 19:26:12,124	INFO	1	org.l2jmobius.gameserver.model.olympiad.Olympiad	Olympiad System: Loading....
2022.09.22 19:26:12,124	INFO	1	org.l2jmobius.gameserver.model.olympiad.Olympiad	Olympiad System: Currently in Olympiad Period
2022.09.22 19:26:12,125	INFO	1	org.l2jmobius.gameserver.model.olympiad.Olympiad	Olympiad System: 28353 minutes until period ends
2022.09.22 19:26:12,125	INFO	1	org.l2jmobius.gameserver.model.olympiad.Olympiad	Olympiad System: Next weekly change is in 6071 minutes
2022.09.22 19:26:12,126	INFO	1	org.l2jmobius.gameserver.model.olympiad.Olympiad	Olympiad System: Loaded 0 Nobles
2022.09.22 19:26:12,129	INFO	1	org.l2jmobius.gameserver.model.olympiad.Olympiad	Olympiad System: Competition Period Starts in 1 days, 0 hours and 34 mins.
2022.09.22 19:26:12,138	INFO	1	org.l2jmobius.gameserver.model.olympiad.Olympiad	Olympiad System: Event starts/started: Fri Sep 23 20:00:12 MSK 2022
2022.09.22 19:26:12,142	INFO	1	org.l2jmobius.gameserver.model.olympiad.Hero	Hero System: Loaded 0 Heroes.
2022.09.22 19:26:12,142	INFO	1	org.l2jmobius.gameserver.model.olympiad.Hero	Hero System: Loaded 0 all time Heroes.
2022.09.22 19:26:12,142	INFO	1	org.l2jmobius.gameserver.GameServer	---------------------------------------------------=[ Cache ]
2022.09.22 19:26:12,143	INFO	1	org.l2jmobius.gameserver.cache.HtmCache	Html cache start...
2022.09.22 19:26:14,621	INFO	1	org.l2jmobius.gameserver.cache.HtmCache	Cache[HTML]: 4,361 megabytes on 6253 files loaded.
2022.09.22 19:26:14,623	INFO	1	org.l2jmobius.gameserver.data.sql.CrestTable	CrestTable: Loaded 0 Crests.
2022.09.22 19:26:14,627	INFO	1	org.l2jmobius.gameserver.data.xml.TeleportListData	TeleportListData: Loaded 131 teleports.
2022.09.22 19:26:14,630	INFO	1	org.l2jmobius.gameserver.data.xml.PetTypesListData	PetTypesListData: Loaded 168 pet types.
2022.09.22 19:26:15,119	INFO	1	org.l2jmobius.gameserver.data.xml.TeleporterData	TeleporterData: Loaded 103 npc teleporters.
2022.09.22 19:26:15,125	INFO	1	org.l2jmobius.gameserver.data.xml.TimedHuntingZoneData	TimedHuntingZoneData: Loaded 13 timed hunting zones.
2022.09.22 19:26:15,232	INFO	1	org.l2jmobius.gameserver.data.xml.TransformData	TransformData: Loaded 47 transform templates.
2022.09.22 19:26:15,243	INFO	1	org.l2jmobius.gameserver.data.BotReportTable	BotReportTable: Loaded 0 bot reports
2022.09.22 19:26:15,248	INFO	1	org.l2jmobius.gameserver.GameServer	-------------------------------------------------=[ Scripts ]
2022.09.22 19:26:15,254	INFO	1	org.l2jmobius.gameserver.instancemanager.AirShipManager	AirShipManager: Loaded 0 private airships
2022.09.22 19:26:15,264	INFO	1	org.l2jmobius.gameserver.data.xml.ShuttleData	ShuttleData: Loaded 3 shuttles.
2022.09.22 19:26:15,265	INFO	1	org.l2jmobius.gameserver.GameServer	GameServer: Loading server scripts:
2022.09.22 19:26:17,021	INFO	1	handlers.MasterHandler	Loading Handlers...
2022.09.22 19:26:17,081	INFO	1	handlers.MasterHandler	ActionHandler: Loaded 10 handlers.
2022.09.22 19:26:17,081	INFO	1	handlers.MasterHandler	ActionShiftHandler: Loaded 6 handlers.
2022.09.22 19:26:17,081	INFO	1	handlers.MasterHandler	AdminCommandHandler: Loaded 428 handlers.
2022.09.22 19:26:17,081	INFO	1	handlers.MasterHandler	BypassHandler: Loaded 32 handlers.
2022.09.22 19:26:17,081	INFO	1	handlers.MasterHandler	ChatHandler: Loaded 14 handlers.
2022.09.22 19:26:17,081	INFO	1	handlers.MasterHandler	CommunityBoardHandler: Loaded 24 handlers.
2022.09.22 19:26:17,081	INFO	1	handlers.MasterHandler	ItemHandler: Loaded 35 handlers.
2022.09.22 19:26:17,081	INFO	1	handlers.MasterHandler	PunishmentHandler: Loaded 3 handlers.
2022.09.22 19:26:17,081	INFO	1	handlers.MasterHandler	UserCommandHandler: Loaded 16 handlers.
2022.09.22 19:26:17,081	INFO	1	handlers.MasterHandler	VoicedCommandHandler: Loaded 8 handlers.
2022.09.22 19:26:17,081	INFO	1	handlers.MasterHandler	TargetHandler: Loaded 22 handlers.
2022.09.22 19:26:17,081	INFO	1	handlers.MasterHandler	AffectObjectHandler: Loaded 11 handlers.
2022.09.22 19:26:17,082	INFO	1	handlers.MasterHandler	AffectScopeHandler: Loaded 19 handlers.
2022.09.22 19:26:17,082	INFO	1	handlers.MasterHandler	PlayerActionHandler: Loaded 24 handlers.
2022.09.22 19:26:17,082	INFO	1	handlers.MasterHandler	Handlers Loaded...
2022.09.22 19:26:18,921	INFO	1	org.l2jmobius.gameserver.instancemanager.GrandBossManager	GrandBossManager: Updated Zaken(29022) status to 0.
2022.09.22 19:26:18,946	INFO	1	ai.others.ClassMaster.ClassMaster	ClassMaster: Loaded 0 class change options.
2022.09.22 19:26:19,037	INFO	1	org.l2jmobius.gameserver.model.quest.Quest	Event Battle With Keber active till Mon Oct 16 00:00:00 MSK 2023
2022.09.22 19:26:19,044	INFO	1	org.l2jmobius.gameserver.model.quest.Quest	Event Blossom Festival has passed... Ignored 
2022.09.22 19:26:19,049	INFO	1	org.l2jmobius.gameserver.model.quest.Quest	Event Chef Monkey Event has passed... Ignored 
2022.09.22 19:26:19,056	INFO	1	org.l2jmobius.gameserver.model.quest.Quest	Event DefeatTheQueen will be started at Fri Sep 22 00:00:00 MSK 2023
2022.09.22 19:26:19,059	INFO	1	org.l2jmobius.gameserver.model.quest.Quest	Event Eve the Fortune Teller has passed... Ignored 
2022.09.22 19:26:19,064	INFO	1	org.l2jmobius.gameserver.model.quest.Quest	Event Happy Hours has passed... Ignored 
2022.09.22 19:26:19,071	INFO	1	org.l2jmobius.gameserver.model.quest.Quest	Event Letter Collector active till Sun Jul 29 00:00:00 MSK 2029
2022.09.22 19:26:19,077	INFO	1	org.l2jmobius.gameserver.instancemanager.events.LetterCollectorManager	LetterCollectorManager: Loaded 3 words.
2022.09.22 19:26:19,077	INFO	1	org.l2jmobius.gameserver.instancemanager.events.LetterCollectorManager	LetterCollectorManager: Loaded 23 letters.
2022.09.22 19:26:19,081	INFO	1	org.l2jmobius.gameserver.model.quest.Quest	Event Merry Squashmas Event has passed... Ignored 
2022.09.22 19:26:19,086	INFO	1	org.l2jmobius.gameserver.model.quest.Quest	Event Squash Event has passed... Ignored 
2022.09.22 19:26:19,090	INFO	1	org.l2jmobius.gameserver.model.quest.Quest	Event The Power Of Love has passed... Ignored 
2022.09.22 19:26:19,093	INFO	1	org.l2jmobius.gameserver.model.quest.Quest	Event Total Recall has passed... Ignored 
2022.09.22 19:26:19,097	INFO	1	org.l2jmobius.gameserver.model.quest.Quest	Event Watermelon Ninja has passed... Ignored 
2022.09.22 19:26:19,167	INFO	1	org.l2jmobius.gameserver.data.xml.SpawnData	SpawnData: Initializing spawns...
2022.09.22 19:26:19,683	INFO	1	org.l2jmobius.gameserver.instancemanager.DBSpawnManager	DBSpawnManager: Loaded 93 instances.
2022.09.22 19:26:19,684	INFO	1	org.l2jmobius.gameserver.instancemanager.DBSpawnManager	DBSpawnManager: Scheduled 0 instances.
2022.09.22 19:26:24,505	INFO	1	org.l2jmobius.gameserver.data.xml.SpawnData	SpawnData: All spawns has been initialized!
2022.09.22 19:26:24,506	INFO	1	org.l2jmobius.gameserver.GameServer	---------------------------------------------------=[ Siege ]
2022.09.22 19:26:24,520	INFO	1	org.l2jmobius.gameserver.model.siege.Siege	Siege of Giran: Sun Oct 02 16:00:00 MSK 2022
2022.09.22 19:26:24,521	INFO	1	org.l2jmobius.gameserver.model.siege.Siege	Siege of Goddard: Tue Sep 27 16:00:00 MSK 2022
2022.09.22 19:26:24,526	INFO	1	org.l2jmobius.gameserver.data.xml.SiegeScheduleData	SiegeScheduleData: Loaded 2 siege schedulers.
2022.09.22 19:26:24,535	INFO	1	org.l2jmobius.gameserver.instancemanager.CastleManorManager	CastleManorManager: Manor system is deactivated.
2022.09.22 19:26:24,541	INFO	1	org.l2jmobius.gameserver.instancemanager.SiegeGuardManager	SiegeGuardManager: Loaded 0 siege guards tickets.
2022.09.22 19:26:24,541	INFO	1	org.l2jmobius.gameserver.instancemanager.QuestManager	QuestManager: Loaded 43 quests.
2022.09.22 19:26:24,542	INFO	1	org.l2jmobius.gameserver.instancemanager.QuestManager	QuestManager: Loaded 143 scripts.
2022.09.22 19:26:24,552	INFO	1	org.l2jmobius.gameserver.taskmanager.TaskManager	TaskManager: Loaded 5 Tasks.
2022.09.22 19:26:24,554	INFO	1	org.l2jmobius.gameserver.instancemanager.DailyTaskManager	DailyTaskManager: Next schedule at 23/09 06:30.
2022.09.22 19:26:24,557	INFO	1	org.l2jmobius.gameserver.instancemanager.MailManager	MailManager: Loaded 0 messages.
2022.09.22 19:26:24,559	INFO	1	org.l2jmobius.gameserver.instancemanager.PunishmentManager	PunishmentManager: Loaded 0 active and 0 expired punishments.
2022.09.22 19:26:24,560	INFO	1	org.l2jmobius.gameserver.GameServer	IdManager: Free ObjectID's remaining: 1879007123
2022.09.22 19:26:24,563	INFO	1	org.l2jmobius.gameserver.data.sql.OfflineTraderTable	OfflineTraderTable: Loading offline traders...
2022.09.22 19:26:24,563	INFO	1	org.l2jmobius.gameserver.data.sql.OfflineTraderTable	OfflineTraderTable: Loaded 0 offline traders.
2022.09.22 19:26:24,565	INFO	1	org.l2jmobius.gameserver.instancemanager.ServerRestartManager	Scheduled server restart at Fri Sep 23 19:00:00 MSK 2022.
2022.09.22 19:26:25,176	INFO	1	org.l2jmobius.gameserver.GameServer	GameServer: Started, using 1966 of 6144 MB total memory.
2022.09.22 19:26:25,176	INFO	1	org.l2jmobius.gameserver.GameServer	GameServer: Maximum number of connected players is 2000.
2022.09.22 19:26:25,176	INFO	1	org.l2jmobius.gameserver.GameServer	GameServer: Server loaded in 29 seconds.
2022.09.22 19:26:25,511	INFO	1	org.l2jmobius.commons.network.NetworkManager	ClientNetworkManager: Listening on 0.0.0.0:7777
2022.09.22 19:26:25,520	INFO	69	org.l2jmobius.gameserver.LoginServerThread	LoginServerThread: Connecting to login on 127.0.0.1:9014
2022.09.22 19:26:25,653	INFO	69	org.l2jmobius.gameserver.LoginServerThread	LoginServerThread: Registered on login as Server 2: Bartz
2022.09.22 19:36:18,274	WARNING	20	org.l2jmobius.gameserver.Shutdown	Server scheduled restart issued shutdown command. Restart in 1 seconds!
2022.09.22 19:36:19,276	WARNING	72	org.l2jmobius.gameserver.Shutdown	GM shutdown countdown is over. restarting NOW!
2022.09.22 19:36:19,279	INFO	66	org.l2jmobius.gameserver.Shutdown	All players disconnected and saved(0ms).
2022.09.22 19:36:19,280	INFO	66	org.l2jmobius.gameserver.Shutdown	Movement Task Manager: Thread interruped(1ms).
2022.09.22 19:36:19,280	INFO	66	org.l2jmobius.gameserver.Shutdown	Game Time Task Manager: Thread interruped(0ms).
2022.09.22 19:36:19,281	INFO	66	org.l2jmobius.commons.threads.ThreadPool	ThreadPool: Shutting down.
2022.09.22 19:36:19,283	INFO	66	org.l2jmobius.gameserver.Shutdown	Thread Pool Manager: Manager has been shut down(2ms).
2022.09.22 19:36:19,283	INFO	66	org.l2jmobius.gameserver.Shutdown	Login Server Thread: Thread interruped(1ms).
2022.09.22 19:36:19,287	INFO	66	org.l2jmobius.gameserver.network.telnet.TelnetServer	Shutting down..
2022.09.22 19:36:19,287	INFO	66	org.l2jmobius.gameserver.Shutdown	Telnet Server Thread: Thread interruped(4ms).
2022.09.22 19:36:19,288	INFO	66	org.l2jmobius.gameserver.Shutdown	GM restart received. Restarting NOW!
2022.09.22 19:36:19,305	INFO	66	org.l2jmobius.gameserver.Shutdown	RaidBossSpawnManager: All raidboss info saved(17ms).
2022.09.22 19:36:19,306	INFO	66	org.l2jmobius.gameserver.Shutdown	GrandBossManager: All Grand Boss info saved(1ms).
2022.09.22 19:36:19,306	INFO	66	org.l2jmobius.gameserver.Shutdown	Item Auction Manager: All tasks stopped(0ms).
2022.09.22 19:36:19,306	INFO	66	org.l2jmobius.gameserver.Shutdown	Olympiad System: Data saved(0ms).
2022.09.22 19:36:19,307	INFO	66	org.l2jmobius.gameserver.Shutdown	Hero System: Data saved(1ms).
2022.09.22 19:36:19,307	INFO	66	org.l2jmobius.gameserver.Shutdown	Clan System: Data saved(0ms).
2022.09.22 19:36:19,307	INFO	66	org.l2jmobius.gameserver.Shutdown	Cursed Weapons Manager: Data saved(0ms).
2022.09.22 19:36:19,307	INFO	66	org.l2jmobius.gameserver.Shutdown	Castle Manor Manager: Data saved(0ms).
2022.09.22 19:36:19,308	INFO	66	org.l2jmobius.gameserver.Shutdown	Quest Manager: Data saved(1ms).
2022.09.22 19:36:19,316	INFO	66	org.l2jmobius.gameserver.instancemanager.GlobalVariablesManager	GlobalVariablesManager: Stored 5 variables.
2022.09.22 19:36:19,316	INFO	66	org.l2jmobius.gameserver.Shutdown	Global Variables Manager: Variables saved(8ms).
2022.09.22 19:36:19,318	INFO	66	org.l2jmobius.gameserver.Shutdown	SchemeBufferTable data has been saved.
2022.09.22 19:36:19,318	INFO	66	org.l2jmobius.gameserver.Shutdown	Bot Report Table: Successfully saved reports to database!
2022.09.22 19:36:24,331	INFO	66	org.l2jmobius.gameserver.Shutdown	Game Server: Selector thread has been shut down(0ms).
2022.09.22 19:36:24,350	INFO	66	org.l2jmobius.gameserver.Shutdown	Database Factory: Database connection has been shut down(19ms).
